-------------------------------------------------------------------------------
Test set: fr.meehome.template.dao.impl.UserDaoTest
-------------------------------------------------------------------------------
Tests run: 6, Failures: 0, Errors: 1, Skipped: 5, Time elapsed: 10.468 sec <<< FAILURE!
should_return_all_users(fr.meehome.template.dao.impl.UserDaoTest)  Time elapsed: 9.297 sec  <<< ERROR!
java.lang.IllegalArgumentException: Unknown name value for enum class fr.meehome.template.dao.domain.RoleEnum: 1
	at org.hibernate.type.EnumType.nullSafeGet(EnumType.java:113)
	at org.hibernate.type.CustomType.nullSafeGet(CustomType.java:128)
	at org.hibernate.type.AbstractType.hydrate(AbstractType.java:105)
	at org.hibernate.persister.entity.AbstractEntityPersister.hydrate(AbstractEntityPersister.java:2124)
	at org.hibernate.loader.Loader.loadFromResultSet(Loader.java:1404)
	at org.hibernate.loader.Loader.instanceNotYetLoaded(Loader.java:1332)
	at org.hibernate.loader.Loader.getRow(Loader.java:1230)
	at org.hibernate.loader.Loader.getRowFromResultSet(Loader.java:603)
	at org.hibernate.loader.Loader.doQuery(Loader.java:724)
	at org.hibernate.loader.Loader.doQueryAndInitializeNonLazyCollections(Loader.java:259)
	at org.hibernate.loader.Loader.doList(Loader.java:2228)
	at org.hibernate.loader.Loader.listIgnoreQueryCache(Loader.java:2125)
	at org.hibernate.loader.Loader.list(Loader.java:2120)
	at org.hibernate.loader.criteria.CriteriaLoader.list(CriteriaLoader.java:118)
	at org.hibernate.impl.SessionImpl.list(SessionImpl.java:1596)
	at org.hibernate.impl.CriteriaImpl.list(CriteriaImpl.java:306)
	at fr.meehome.template.dao.impl.UserDao.loadall(UserDao.java:23)
	at fr.meehome.template.dao.impl.UserDaoTest.should_return_all_users(UserDaoTest.java:23)
	at sun.reflect.NativeMethodAccessorImpl.invoke0(Native Method)
	at sun.reflect.NativeMethodAccessorImpl.invoke(NativeMethodAccessorImpl.java:57)
	at sun.reflect.DelegatingMethodAccessorImpl.invoke(DelegatingMethodAccessorImpl.java:43)
	at java.lang.reflect.Method.invoke(Method.java:601)
	at org.junit.runners.model.FrameworkMethod$1.runReflectiveCall(FrameworkMethod.java:44)
	at org.junit.internal.runners.model.ReflectiveCallable.run(ReflectiveCallable.java:15)
	at org.junit.runners.model.FrameworkMethod.invokeExplosively(FrameworkMethod.java:41)
	at org.junit.internal.runners.statements.InvokeMethod.evaluate(InvokeMethod.java:20)
	at org.springframework.test.context.junit4.statements.RunBeforeTestMethodCallbacks.evaluate(RunBeforeTestMethodCallbacks.java:74)
	at org.springframework.test.context.junit4.statements.RunAfterTestMethodCallbacks.evaluate(RunAfterTestMethodCallbacks.java:83)
	at org.springframework.test.context.junit4.statements.SpringRepeat.evaluate(SpringRepeat.java:72)
	at org.springframework.test.context.junit4.SpringJUnit4ClassRunner.runChild(SpringJUnit4ClassRunner.java:231)
	at org.junit.runners.BlockJUnit4ClassRunner.runChild(BlockJUnit4ClassRunner.java:50)
	at org.junit.runners.ParentRunner$3.run(ParentRunner.java:193)
	at org.junit.runners.ParentRunner$1.schedule(ParentRunner.java:52)
	at org.junit.runners.ParentRunner.runChildren(ParentRunner.java:191)
	at org.junit.runners.ParentRunner.access$000(ParentRunner.java:42)
	at org.junit.runners.ParentRunner$2.evaluate(ParentRunner.java:184)
	at org.springframework.test.context.junit4.statements.RunBeforeTestClassCallbacks.evaluate(RunBeforeTestClassCallbacks.java:61)
	at org.springframework.test.context.junit4.statements.RunAfterTestClassCallbacks.evaluate(RunAfterTestClassCallbacks.java:71)
	at org.junit.runners.ParentRunner.run(ParentRunner.java:236)
	at org.springframework.test.context.junit4.SpringJUnit4ClassRunner.run(SpringJUnit4ClassRunner.java:174)
	at org.apache.maven.surefire.junit4.JUnit4TestSet.execute(JUnit4TestSet.java:53)
	at org.apache.maven.surefire.junit4.JUnit4Provider.executeTestSet(JUnit4Provider.java:123)
	at org.apache.maven.surefire.junit4.JUnit4Provider.invoke(JUnit4Provider.java:104)
	at sun.reflect.NativeMethodAccessorImpl.invoke0(Native Method)
	at sun.reflect.NativeMethodAccessorImpl.invoke(NativeMethodAccessorImpl.java:57)
	at sun.reflect.DelegatingMethodAccessorImpl.invoke(DelegatingMethodAccessorImpl.java:43)
	at java.lang.reflect.Method.invoke(Method.java:601)
	at org.apache.maven.surefire.util.ReflectionUtils.invokeMethodWithArray(ReflectionUtils.java:164)
	at org.apache.maven.surefire.booter.ProviderFactory$ProviderProxy.invoke(ProviderFactory.java:110)
	at org.apache.maven.surefire.booter.SurefireStarter.invokeProvider(SurefireStarter.java:175)
	at org.apache.maven.surefire.booter.SurefireStarter.runSuitesInProcessWhenForked(SurefireStarter.java:107)
	at org.apache.maven.surefire.booter.ForkedBooter.main(ForkedBooter.java:68)
Caused by: java.lang.IllegalArgumentException: No enum constant fr.meehome.template.dao.domain.RoleEnum.1
	at java.lang.Enum.valueOf(Enum.java:236)
	at org.hibernate.type.EnumType.nullSafeGet(EnumType.java:110)
	... 51 more
