<?xml version="1.0" encoding="UTF-8" ?>
<testsuite failures="0" time="10.461" errors="1" skipped="5" tests="6" name="fr.meehome.template.dao.impl.UserDaoTest">
  <properties>
[...]
</properties>
  <testcase time="0" classname="fr.meehome.template.dao.impl.UserDaoTest" name="should_return_one_user_by_login">
    <skipped/>
  </testcase>
  <testcase time="0.01" classname="fr.meehome.template.dao.impl.UserDaoTest" name="should_return_two_user_by_login">
    <skipped/>
  </testcase>
  <testcase time="0.01" classname="fr.meehome.template.dao.impl.UserDaoTest" name="should_delete_all_users_by_login">
    <skipped/>
  </testcase>
  <testcase time="0.01" classname="fr.meehome.template.dao.impl.UserDaoTest" name="should_delete_one_user_by_login">
    <skipped/>
  </testcase>
  <testcase time="0.01" classname="fr.meehome.template.dao.impl.UserDaoTest" name="should_update_one_user_by_login">
    <skipped/>
  </testcase>
  <testcase time="9.297" classname="fr.meehome.template.dao.impl.UserDaoTest" name="should_return_all_users">
    <error message="Unknown name value for enum class fr.meehome.template.dao.domain.RoleEnum: 1" type="java.lang.IllegalArgumentException">java.lang.IllegalArgumentException: Unknown name value for enum class fr.meehome.template.dao.domain.RoleEnum: 1
	at org.hibernate.type.EnumType.nullSafeGet(EnumType.java:113)
	at org.hibernate.type.CustomType.nullSafeGet(CustomType.java:128)
	at org.hibernate.type.AbstractType.hydrate(AbstractType.java:105)
	at org.hibernate.persister.entity.AbstractEntityPersister.hydrate(AbstractEntityPersister.java:2124)
	at org.hibernate.loader.Loader.loadFromResultSet(Loader.java:1404)
	at org.hibernate.loader.Loader.instanceNotYetLoaded(Loader.java:1332)
	at org.hibernate.loader.Loader.getRow(Loader.java:1230)
	at org.hibernate.loader.Loader.getRowFromResultSet(Loader.java:603)
	at org.hibernate.loader.Loader.doQuery(Loader.java:724)
	at org.hibernate.loader.Loader.doQueryAndInitializeNonLazyCollections(Loader.java:259)
	at org.hibernate.loader.Loader.doList(Loader.java:2228)
	at org.hibernate.loader.Loader.listIgnoreQueryCache(Loader.java:2125)
	at org.hibernate.loader.Loader.list(Loader.java:2120)
	at org.hibernate.loader.criteria.CriteriaLoader.list(CriteriaLoader.java:118)
	at org.hibernate.impl.SessionImpl.list(SessionImpl.java:1596)
	at org.hibernate.impl.CriteriaImpl.list(CriteriaImpl.java:306)
	at fr.meehome.template.dao.impl.UserDao.loadall(UserDao.java:23)
	at fr.meehome.template.dao.impl.UserDaoTest.should_return_all_users(UserDaoTest.java:23)
	at sun.reflect.NativeMethodAccessorImpl.invoke0(Native Method)
	at sun.reflect.NativeMethodAccessorImpl.invoke(NativeMethodAccessorImpl.java:57)
	at sun.reflect.DelegatingMethodAccessorImpl.invoke(DelegatingMethodAccessorImpl.java:43)
	at java.lang.reflect.Method.invoke(Method.java:601)
	at org.junit.runners.model.FrameworkMethod$1.runReflectiveCall(FrameworkMethod.java:44)
	at org.junit.internal.runners.model.ReflectiveCallable.run(ReflectiveCallable.java:15)
	at org.junit.runners.model.FrameworkMethod.invokeExplosively(FrameworkMethod.java:41)
	at org.junit.internal.runners.statements.InvokeMethod.evaluate(InvokeMethod.java:20)
	at org.springframework.test.context.junit4.statements.RunBeforeTestMethodCallbacks.evaluate(RunBeforeTestMethodCallbacks.java:74)
	at org.springframework.test.context.junit4.statements.RunAfterTestMethodCallbacks.evaluate(RunAfterTestMethodCallbacks.java:83)
	at org.springframework.test.context.junit4.statements.SpringRepeat.evaluate(SpringRepeat.java:72)
	at org.springframework.test.context.junit4.SpringJUnit4ClassRunner.runChild(SpringJUnit4ClassRunner.java:231)
	at org.junit.runners.BlockJUnit4ClassRunner.runChild(BlockJUnit4ClassRunner.java:50)
	at org.junit.runners.ParentRunner$3.run(ParentRunner.java:193)
	at org.junit.runners.ParentRunner$1.schedule(ParentRunner.java:52)
	at org.junit.runners.ParentRunner.runChildren(ParentRunner.java:191)
	at org.junit.runners.ParentRunner.access$000(ParentRunner.java:42)
	at org.junit.runners.ParentRunner$2.evaluate(ParentRunner.java:184)
	at org.springframework.test.context.junit4.statements.RunBeforeTestClassCallbacks.evaluate(RunBeforeTestClassCallbacks.java:61)
	at org.springframework.test.context.junit4.statements.RunAfterTestClassCallbacks.evaluate(RunAfterTestClassCallbacks.java:71)
	at org.junit.runners.ParentRunner.run(ParentRunner.java:236)
	at org.springframework.test.context.junit4.SpringJUnit4ClassRunner.run(SpringJUnit4ClassRunner.java:174)
	at org.apache.maven.surefire.junit4.JUnit4TestSet.execute(JUnit4TestSet.java:53)
	at org.apache.maven.surefire.junit4.JUnit4Provider.executeTestSet(JUnit4Provider.java:123)
	at org.apache.maven.surefire.junit4.JUnit4Provider.invoke(JUnit4Provider.java:104)
	at sun.reflect.NativeMethodAccessorImpl.invoke0(Native Method)
	at sun.reflect.NativeMethodAccessorImpl.invoke(NativeMethodAccessorImpl.java:57)
	at sun.reflect.DelegatingMethodAccessorImpl.invoke(DelegatingMethodAccessorImpl.java:43)
	at java.lang.reflect.Method.invoke(Method.java:601)
	at org.apache.maven.surefire.util.ReflectionUtils.invokeMethodWithArray(ReflectionUtils.java:164)
	at org.apache.maven.surefire.booter.ProviderFactory$ProviderProxy.invoke(ProviderFactory.java:110)
	at org.apache.maven.surefire.booter.SurefireStarter.invokeProvider(SurefireStarter.java:175)
	at org.apache.maven.surefire.booter.SurefireStarter.runSuitesInProcessWhenForked(SurefireStarter.java:107)
	at org.apache.maven.surefire.booter.ForkedBooter.main(ForkedBooter.java:68)
Caused by: java.lang.IllegalArgumentException: No enum constant fr.meehome.template.dao.domain.RoleEnum.1
	at java.lang.Enum.valueOf(Enum.java:236)
	at org.hibernate.type.EnumType.nullSafeGet(EnumType.java:110)
	... 51 more
</error>
    <system-out>390  [main] DEBUG org.springframework.test.annotation.ProfileValueUtils  - Retrieved @ProfileValueSourceConfiguration [null] for test class [fr.meehome.template.dao.impl.UserDaoTest]
390  [main] DEBUG org.springframework.test.annotation.ProfileValueUtils  - Retrieved ProfileValueSource type [class org.springframework.test.annotation.SystemProfileValueSource] for class [fr.meehome.template.dao.impl.UserDaoTest]
390  [main] DEBUG org.springframework.test.context.support.DependencyInjectionTestExecutionListener  - Performing dependency injection for test context [[TestContext@16e1ccd testClass = UserDaoTest, testInstance = fr.meehome.template.dao.impl.UserDaoTest@250cce, testMethod = [null], testException = [null], mergedContextConfiguration = [MergedContextConfiguration@6bc73b testClass = UserDaoTest, locations = &apos;{classpath:/fr/meehome/template/dao/applicationContext-test.xml}&apos;, classes = &apos;{}&apos;, activeProfiles = &apos;{}&apos;, contextLoader = &apos;org.springframework.test.context.support.DelegatingSmartContextLoader&apos;]]].
390  [main] DEBUG org.springframework.test.context.support.DelegatingSmartContextLoader  - Delegating to GenericXmlContextLoader to load context from [MergedContextConfiguration@6bc73b testClass = UserDaoTest, locations = &apos;{classpath:/fr/meehome/template/dao/applicationContext-test.xml}&apos;, classes = &apos;{}&apos;, activeProfiles = &apos;{}&apos;, contextLoader = &apos;org.springframework.test.context.support.DelegatingSmartContextLoader&apos;].
390  [main] DEBUG org.springframework.test.context.support.AbstractGenericContextLoader  - Loading ApplicationContext for merged context configuration [[MergedContextConfiguration@6bc73b testClass = UserDaoTest, locations = &apos;{classpath:/fr/meehome/template/dao/applicationContext-test.xml}&apos;, classes = &apos;{}&apos;, activeProfiles = &apos;{}&apos;, contextLoader = &apos;org.springframework.test.context.support.DelegatingSmartContextLoader&apos;]].
1314 [main] DEBUG org.springframework.core.env.StandardEnvironment  - Initializing new StandardEnvironment
1314 [main] DEBUG org.springframework.core.env.StandardEnvironment  - Adding [systemProperties] PropertySource with lowest search precedence
1324 [main] DEBUG org.springframework.core.env.StandardEnvironment  - Adding [systemEnvironment] PropertySource with lowest search precedence
1324 [main] DEBUG org.springframework.core.env.StandardEnvironment  - Initialized StandardEnvironment with PropertySources [systemProperties,systemEnvironment]
1786 [main] DEBUG org.springframework.core.env.StandardEnvironment  - Initializing new StandardEnvironment
1786 [main] DEBUG org.springframework.core.env.StandardEnvironment  - Adding [systemProperties] PropertySource with lowest search precedence
1786 [main] DEBUG org.springframework.core.env.StandardEnvironment  - Adding [systemEnvironment] PropertySource with lowest search precedence
1786 [main] DEBUG org.springframework.core.env.StandardEnvironment  - Initialized StandardEnvironment with PropertySources [systemProperties,systemEnvironment]
2018 [main] INFO  org.springframework.beans.factory.xml.XmlBeanDefinitionReader  - Loading XML bean definitions from class path resource [fr/meehome/template/dao/applicationContext-test.xml]
2450 [main] DEBUG org.springframework.beans.factory.xml.DefaultDocumentLoader  - Using JAXP provider [com.sun.org.apache.xerces.internal.jaxp.DocumentBuilderFactoryImpl]
3851 [main] DEBUG org.springframework.beans.factory.xml.PluggableSchemaResolver  - Loading schema mappings from [META-INF/spring.schemas]
3867 [main] DEBUG org.springframework.beans.factory.xml.PluggableSchemaResolver  - Loaded schema mappings: {http://www.springframework.org/schema/util/spring-util.xsd=org/springframework/beans/factory/xml/spring-util-3.1.xsd, http://www.springframework.org/schema/task/spring-task.xsd=org/springframework/scheduling/config/spring-task-3.1.xsd, http://www.springframework.org/schema/beans/spring-beans-3.1.xsd=org/springframework/beans/factory/xml/spring-beans-3.1.xsd, http://www.springframework.org/schema/cache/spring-cache.xsd=org/springframework/cache/config/spring-cache-3.1.xsd, http://www.springframework.org/schema/aop/spring-aop-3.0.xsd=org/springframework/aop/config/spring-aop-3.0.xsd, http://www.springframework.org/schema/task/spring-task-3.1.xsd=org/springframework/scheduling/config/spring-task-3.1.xsd, http://www.springframework.org/schema/aop/spring-aop-2.0.xsd=org/springframework/aop/config/spring-aop-2.0.xsd, http://www.springframework.org/schema/tool/spring-tool-2.5.xsd=org/springframework/beans/factory/xml/spring-tool-2.5.xsd, http://www.springframework.org/schema/beans/spring-beans.xsd=org/springframework/beans/factory/xml/spring-beans-3.1.xsd, http://www.springframework.org/schema/jee/spring-jee-2.5.xsd=org/springframework/ejb/config/spring-jee-2.5.xsd, http://www.springframework.org/schema/jdbc/spring-jdbc-3.1.xsd=org/springframework/jdbc/config/spring-jdbc-3.1.xsd, http://www.springframework.org/schema/tool/spring-tool-3.1.xsd=org/springframework/beans/factory/xml/spring-tool-3.1.xsd, http://www.springframework.org/schema/jee/spring-jee-3.1.xsd=org/springframework/ejb/config/spring-jee-3.1.xsd, http://www.springframework.org/schema/aop/spring-aop.xsd=org/springframework/aop/config/spring-aop-3.1.xsd, http://www.springframework.org/schema/beans/spring-beans-2.0.xsd=org/springframework/beans/factory/xml/spring-beans-2.0.xsd, http://www.springframework.org/schema/beans/spring-beans-3.0.xsd=org/springframework/beans/factory/xml/spring-beans-3.0.xsd, http://www.springframework.org/schema/task/spring-task-3.0.xsd=org/springframework/scheduling/config/spring-task-3.0.xsd, http://www.springframework.org/schema/tx/spring-tx-2.5.xsd=org/springframework/transaction/config/spring-tx-2.5.xsd, http://www.springframework.org/schema/context/spring-context-2.5.xsd=org/springframework/context/config/spring-context-2.5.xsd, http://www.springframework.org/schema/jdbc/spring-jdbc-3.0.xsd=org/springframework/jdbc/config/spring-jdbc-3.0.xsd, http://www.springframework.org/schema/tool/spring-tool-3.0.xsd=org/springframework/beans/factory/xml/spring-tool-3.0.xsd, http://www.springframework.org/schema/lang/spring-lang.xsd=org/springframework/scripting/config/spring-lang-3.1.xsd, http://www.springframework.org/schema/tx/spring-tx.xsd=org/springframework/transaction/config/spring-tx-3.1.xsd, http://www.springframework.org/schema/tool/spring-tool-2.0.xsd=org/springframework/beans/factory/xml/spring-tool-2.0.xsd, http://www.springframework.org/schema/util/spring-util-2.5.xsd=org/springframework/beans/factory/xml/spring-util-2.5.xsd, http://www.springframework.org/schema/lang/spring-lang-2.5.xsd=org/springframework/scripting/config/spring-lang-2.5.xsd, http://www.springframework.org/schema/jee/spring-jee-3.0.xsd=org/springframework/ejb/config/spring-jee-3.0.xsd, http://www.springframework.org/schema/jee/spring-jee-2.0.xsd=org/springframework/ejb/config/spring-jee-2.0.xsd, http://www.springframework.org/schema/tx/spring-tx-3.1.xsd=org/springframework/transaction/config/spring-tx-3.1.xsd, http://www.springframework.org/schema/context/spring-context-3.1.xsd=org/springframework/context/config/spring-context-3.1.xsd, http://www.springframework.org/schema/util/spring-util-3.1.xsd=org/springframework/beans/factory/xml/spring-util-3.1.xsd, http://www.springframework.org/schema/lang/spring-lang-3.1.xsd=org/springframework/scripting/config/spring-lang-3.1.xsd, http://www.springframework.org/schema/cache/spring-cache-3.1.xsd=org/springframework/cache/config/spring-cache-3.1.xsd, http://www.springframework.org/schema/context/spring-context.xsd=org/springframework/context/config/spring-context-3.1.xsd, http://www.springframework.org/schema/jee/spring-jee.xsd=org/springframework/ejb/config/spring-jee-3.1.xsd, http://www.springframework.org/schema/aop/spring-aop-2.5.xsd=org/springframework/aop/config/spring-aop-2.5.xsd, http://www.springframework.org/schema/jdbc/spring-jdbc.xsd=org/springframework/jdbc/config/spring-jdbc-3.1.xsd, http://www.springframework.org/schema/tx/spring-tx-2.0.xsd=org/springframework/transaction/config/spring-tx-2.0.xsd, http://www.springframework.org/schema/aop/spring-aop-3.1.xsd=org/springframework/aop/config/spring-aop-3.1.xsd, http://www.springframework.org/schema/tx/spring-tx-3.0.xsd=org/springframework/transaction/config/spring-tx-3.0.xsd, http://www.springframework.org/schema/context/spring-context-3.0.xsd=org/springframework/context/config/spring-context-3.0.xsd, http://www.springframework.org/schema/tool/spring-tool.xsd=org/springframework/beans/factory/xml/spring-tool-3.1.xsd, http://www.springframework.org/schema/util/spring-util-3.0.xsd=org/springframework/beans/factory/xml/spring-util-3.0.xsd, http://www.springframework.org/schema/lang/spring-lang-3.0.xsd=org/springframework/scripting/config/spring-lang-3.0.xsd, http://www.springframework.org/schema/util/spring-util-2.0.xsd=org/springframework/beans/factory/xml/spring-util-2.0.xsd, http://www.springframework.org/schema/lang/spring-lang-2.0.xsd=org/springframework/scripting/config/spring-lang-2.0.xsd, http://www.springframework.org/schema/beans/spring-beans-2.5.xsd=org/springframework/beans/factory/xml/spring-beans-2.5.xsd}
3867 [main] DEBUG org.springframework.beans.factory.xml.PluggableSchemaResolver  - Found XML schema [http://www.springframework.org/schema/beans/spring-beans-3.0.xsd] in classpath: org/springframework/beans/factory/xml/spring-beans-3.0.xsd
4224 [main] DEBUG org.springframework.beans.factory.xml.PluggableSchemaResolver  - Found XML schema [http://www.springframework.org/schema/context/spring-context-3.0.xsd] in classpath: org/springframework/context/config/spring-context-3.0.xsd
4264 [main] DEBUG org.springframework.beans.factory.xml.PluggableSchemaResolver  - Found XML schema [http://www.springframework.org/schema/tool/spring-tool-3.0.xsd] in classpath: org/springframework/beans/factory/xml/spring-tool-3.0.xsd
4284 [main] DEBUG org.springframework.beans.factory.xml.PluggableSchemaResolver  - Found XML schema [http://www.springframework.org/schema/tx/spring-tx-3.0.xsd] in classpath: org/springframework/transaction/config/spring-tx-3.0.xsd
4324 [main] DEBUG org.springframework.beans.factory.xml.DefaultBeanDefinitionDocumentReader  - Loading bean definitions
4724 [main] DEBUG org.springframework.beans.factory.xml.DefaultNamespaceHandlerResolver  - Loaded NamespaceHandler mappings: {http://www.springframework.org/schema/p=org.springframework.beans.factory.xml.SimplePropertyNamespaceHandler, http://www.springframework.org/schema/util=org.springframework.beans.factory.xml.UtilNamespaceHandler, http://www.springframework.org/schema/jee=org.springframework.ejb.config.JeeNamespaceHandler, http://www.springframework.org/schema/aop=org.springframework.aop.config.AopNamespaceHandler, http://www.springframework.org/schema/jdbc=org.springframework.jdbc.config.JdbcNamespaceHandler, http://www.springframework.org/schema/cache=org.springframework.cache.config.CacheNamespaceHandler, http://www.springframework.org/schema/c=org.springframework.beans.factory.xml.SimpleConstructorNamespaceHandler, http://www.springframework.org/schema/tx=org.springframework.transaction.config.TxNamespaceHandler, http://www.springframework.org/schema/task=org.springframework.scheduling.config.TaskNamespaceHandler, http://www.springframework.org/schema/lang=org.springframework.scripting.config.LangNamespaceHandler, http://www.springframework.org/schema/context=org.springframework.context.config.ContextNamespaceHandler}
5214 [main] DEBUG org.springframework.core.io.support.PathMatchingResourcePatternResolver  - Looking for matching resources in directory tree [C:\Developpement\projects\meehome-java-compte\template\dao\target\test-classes\fr\meehome\template\dao]
5224 [main] DEBUG org.springframework.core.io.support.PathMatchingResourcePatternResolver  - Searching directory [C:\Developpement\projects\meehome-java-compte\template\dao\target\test-classes\fr\meehome\template\dao] for files matching pattern [C:/Developpement/projects/meehome-java-compte/template/dao/target/test-classes/fr/meehome/template/dao/**/*.class]
5234 [main] DEBUG org.springframework.core.io.support.PathMatchingResourcePatternResolver  - Searching directory [C:\Developpement\projects\meehome-java-compte\template\dao\target\test-classes\fr\meehome\template\dao\impl] for files matching pattern [C:/Developpement/projects/meehome-java-compte/template/dao/target/test-classes/fr/meehome/template/dao/**/*.class]
5244 [main] DEBUG org.springframework.core.io.support.PathMatchingResourcePatternResolver  - Looking for matching resources in directory tree [C:\Developpement\projects\meehome-java-compte\template\dao\target\classes\fr\meehome\template\dao]
5244 [main] DEBUG org.springframework.core.io.support.PathMatchingResourcePatternResolver  - Searching directory [C:\Developpement\projects\meehome-java-compte\template\dao\target\classes\fr\meehome\template\dao] for files matching pattern [C:/Developpement/projects/meehome-java-compte/template/dao/target/classes/fr/meehome/template/dao/**/*.class]
5254 [main] DEBUG org.springframework.core.io.support.PathMatchingResourcePatternResolver  - Searching directory [C:\Developpement\projects\meehome-java-compte\template\dao\target\classes\fr\meehome\template\dao\domain] for files matching pattern [C:/Developpement/projects/meehome-java-compte/template/dao/target/classes/fr/meehome/template/dao/**/*.class]
5264 [main] DEBUG org.springframework.core.io.support.PathMatchingResourcePatternResolver  - Searching directory [C:\Developpement\projects\meehome-java-compte\template\dao\target\classes\fr\meehome\template\dao\impl] for files matching pattern [C:/Developpement/projects/meehome-java-compte/template/dao/target/classes/fr/meehome/template/dao/**/*.class]
5274 [main] DEBUG org.springframework.core.io.support.PathMatchingResourcePatternResolver  - Resolved location pattern [classpath*:fr/meehome/template/dao/**/*.class] to resources [file [C:\Developpement\projects\meehome-java-compte\template\dao\target\test-classes\fr\meehome\template\dao\impl\UserDaoTest.class], file [C:\Developpement\projects\meehome-java-compte\template\dao\target\classes\fr\meehome\template\dao\domain\RoleEnum.class], file [C:\Developpement\projects\meehome-java-compte\template\dao\target\classes\fr\meehome\template\dao\domain\User.class], file [C:\Developpement\projects\meehome-java-compte\template\dao\target\classes\fr\meehome\template\dao\impl\SessionFactoryDao.class], file [C:\Developpement\projects\meehome-java-compte\template\dao\target\classes\fr\meehome\template\dao\impl\UserDao.class], file [C:\Developpement\projects\meehome-java-compte\template\dao\target\classes\fr\meehome\template\dao\IUserDao.class]]
5344 [main] DEBUG org.springframework.context.annotation.ClassPathBeanDefinitionScanner  - Identified candidate component class: file [C:\Developpement\projects\meehome-java-compte\template\dao\target\classes\fr\meehome\template\dao\impl\UserDao.class]
5524 [main] DEBUG org.springframework.beans.factory.xml.XmlBeanDefinitionReader  - Loaded 13 bean definitions from location pattern [classpath:/fr/meehome/template/dao/applicationContext-test.xml]
5594 [main] INFO  org.springframework.context.support.GenericApplicationContext  - Refreshing org.springframework.context.support.GenericApplicationContext@d4b473: startup date [Sat Nov 10 01:06:03 CET 2012]; root of context hierarchy
5594 [main] DEBUG org.springframework.context.support.GenericApplicationContext  - Bean factory for org.springframework.context.support.GenericApplicationContext@d4b473: org.springframework.beans.factory.support.DefaultListableBeanFactory@10cf230: defining beans [org.springframework.context.annotation.internalConfigurationAnnotationProcessor,org.springframework.context.annotation.internalAutowiredAnnotationProcessor,org.springframework.context.annotation.internalRequiredAnnotationProcessor,org.springframework.context.annotation.internalCommonAnnotationProcessor,org.springframework.context.annotation.internalPersistenceAnnotationProcessor,userDao,dataSource,sessionFactory,transactionManager,org.springframework.aop.config.internalAutoProxyCreator,org.springframework.transaction.annotation.AnnotationTransactionAttributeSource#0,org.springframework.transaction.interceptor.TransactionInterceptor#0,org.springframework.transaction.config.internalTransactionAdvisor]; root of factory hierarchy
5724 [main] DEBUG org.springframework.beans.factory.support.DefaultListableBeanFactory  - Creating shared instance of singleton bean &apos;org.springframework.context.annotation.internalConfigurationAnnotationProcessor&apos;
5724 [main] DEBUG org.springframework.beans.factory.support.DefaultListableBeanFactory  - Creating instance of bean &apos;org.springframework.context.annotation.internalConfigurationAnnotationProcessor&apos;
5804 [main] DEBUG org.springframework.beans.factory.support.DefaultListableBeanFactory  - Eagerly caching bean &apos;org.springframework.context.annotation.internalConfigurationAnnotationProcessor&apos; to allow for resolving potential circular references
5814 [main] DEBUG org.springframework.beans.factory.support.DefaultListableBeanFactory  - Finished creating instance of bean &apos;org.springframework.context.annotation.internalConfigurationAnnotationProcessor&apos;
5995 [main] DEBUG org.springframework.beans.factory.support.DefaultListableBeanFactory  - Creating shared instance of singleton bean &apos;org.springframework.context.annotation.internalAutowiredAnnotationProcessor&apos;
5995 [main] DEBUG org.springframework.beans.factory.support.DefaultListableBeanFactory  - Creating instance of bean &apos;org.springframework.context.annotation.internalAutowiredAnnotationProcessor&apos;
5995 [main] DEBUG org.springframework.beans.factory.support.DefaultListableBeanFactory  - Eagerly caching bean &apos;org.springframework.context.annotation.internalAutowiredAnnotationProcessor&apos; to allow for resolving potential circular references
5995 [main] DEBUG org.springframework.beans.factory.support.DefaultListableBeanFactory  - Finished creating instance of bean &apos;org.springframework.context.annotation.internalAutowiredAnnotationProcessor&apos;
5995 [main] DEBUG org.springframework.beans.factory.support.DefaultListableBeanFactory  - Creating shared instance of singleton bean &apos;org.springframework.context.annotation.internalRequiredAnnotationProcessor&apos;
5995 [main] DEBUG org.springframework.beans.factory.support.DefaultListableBeanFactory  - Creating instance of bean &apos;org.springframework.context.annotation.internalRequiredAnnotationProcessor&apos;
5995 [main] DEBUG org.springframework.beans.factory.support.DefaultListableBeanFactory  - Eagerly caching bean &apos;org.springframework.context.annotation.internalRequiredAnnotationProcessor&apos; to allow for resolving potential circular references
5995 [main] DEBUG org.springframework.beans.factory.support.DefaultListableBeanFactory  - Finished creating instance of bean &apos;org.springframework.context.annotation.internalRequiredAnnotationProcessor&apos;
5995 [main] DEBUG org.springframework.beans.factory.support.DefaultListableBeanFactory  - Creating shared instance of singleton bean &apos;org.springframework.context.annotation.internalCommonAnnotationProcessor&apos;
5995 [main] DEBUG org.springframework.beans.factory.support.DefaultListableBeanFactory  - Creating instance of bean &apos;org.springframework.context.annotation.internalCommonAnnotationProcessor&apos;
6155 [main] DEBUG org.springframework.beans.factory.support.DefaultListableBeanFactory  - Eagerly caching bean &apos;org.springframework.context.annotation.internalCommonAnnotationProcessor&apos; to allow for resolving potential circular references
6155 [main] DEBUG org.springframework.beans.factory.support.DefaultListableBeanFactory  - Finished creating instance of bean &apos;org.springframework.context.annotation.internalCommonAnnotationProcessor&apos;
6155 [main] DEBUG org.springframework.beans.factory.support.DefaultListableBeanFactory  - Creating shared instance of singleton bean &apos;org.springframework.context.annotation.internalPersistenceAnnotationProcessor&apos;
6155 [main] DEBUG org.springframework.beans.factory.support.DefaultListableBeanFactory  - Creating instance of bean &apos;org.springframework.context.annotation.internalPersistenceAnnotationProcessor&apos;
6155 [main] DEBUG org.springframework.beans.factory.support.DefaultListableBeanFactory  - Eagerly caching bean &apos;org.springframework.context.annotation.internalPersistenceAnnotationProcessor&apos; to allow for resolving potential circular references
6155 [main] DEBUG org.springframework.beans.factory.support.DefaultListableBeanFactory  - Finished creating instance of bean &apos;org.springframework.context.annotation.internalPersistenceAnnotationProcessor&apos;
6155 [main] DEBUG org.springframework.beans.factory.support.DefaultListableBeanFactory  - Creating shared instance of singleton bean &apos;org.springframework.context.annotation.ConfigurationClassPostProcessor$ImportAwareBeanPostProcessor#0&apos;
6155 [main] DEBUG org.springframework.beans.factory.support.DefaultListableBeanFactory  - Creating instance of bean &apos;org.springframework.context.annotation.ConfigurationClassPostProcessor$ImportAwareBeanPostProcessor#0&apos;
6155 [main] DEBUG org.springframework.beans.factory.support.DefaultListableBeanFactory  - Eagerly caching bean &apos;org.springframework.context.annotation.ConfigurationClassPostProcessor$ImportAwareBeanPostProcessor#0&apos; to allow for resolving potential circular references
6155 [main] DEBUG org.springframework.beans.factory.support.DefaultListableBeanFactory  - Finished creating instance of bean &apos;org.springframework.context.annotation.ConfigurationClassPostProcessor$ImportAwareBeanPostProcessor#0&apos;
6155 [main] DEBUG org.springframework.beans.factory.support.DefaultListableBeanFactory  - Creating shared instance of singleton bean &apos;org.springframework.aop.config.internalAutoProxyCreator&apos;
6155 [main] DEBUG org.springframework.beans.factory.support.DefaultListableBeanFactory  - Creating instance of bean &apos;org.springframework.aop.config.internalAutoProxyCreator&apos;
6235 [main] DEBUG org.springframework.beans.factory.support.DefaultListableBeanFactory  - Eagerly caching bean &apos;org.springframework.aop.config.internalAutoProxyCreator&apos; to allow for resolving potential circular references
6305 [main] DEBUG org.springframework.beans.factory.support.DefaultListableBeanFactory  - Finished creating instance of bean &apos;org.springframework.aop.config.internalAutoProxyCreator&apos;
6325 [main] DEBUG org.springframework.context.support.GenericApplicationContext  - Unable to locate MessageSource with name &apos;messageSource&apos;: using default [org.springframework.context.support.DelegatingMessageSource@12b51d4]
6345 [main] DEBUG org.springframework.context.support.GenericApplicationContext  - Unable to locate ApplicationEventMulticaster with name &apos;applicationEventMulticaster&apos;: using default [org.springframework.context.event.SimpleApplicationEventMulticaster@c1b980]
6345 [main] INFO  org.springframework.beans.factory.support.DefaultListableBeanFactory  - Pre-instantiating singletons in org.springframework.beans.factory.support.DefaultListableBeanFactory@10cf230: defining beans [org.springframework.context.annotation.internalConfigurationAnnotationProcessor,org.springframework.context.annotation.internalAutowiredAnnotationProcessor,org.springframework.context.annotation.internalRequiredAnnotationProcessor,org.springframework.context.annotation.internalCommonAnnotationProcessor,org.springframework.context.annotation.internalPersistenceAnnotationProcessor,userDao,dataSource,sessionFactory,transactionManager,org.springframework.aop.config.internalAutoProxyCreator,org.springframework.transaction.annotation.AnnotationTransactionAttributeSource#0,org.springframework.transaction.interceptor.TransactionInterceptor#0,org.springframework.transaction.config.internalTransactionAdvisor,org.springframework.context.annotation.ConfigurationClassPostProcessor$ImportAwareBeanPostProcessor#0]; root of factory hierarchy
6345 [main] DEBUG org.springframework.beans.factory.support.DefaultListableBeanFactory  - Returning cached instance of singleton bean &apos;org.springframework.context.annotation.internalConfigurationAnnotationProcessor&apos;
6345 [main] DEBUG org.springframework.beans.factory.support.DefaultListableBeanFactory  - Returning cached instance of singleton bean &apos;org.springframework.context.annotation.internalAutowiredAnnotationProcessor&apos;
6345 [main] DEBUG org.springframework.beans.factory.support.DefaultListableBeanFactory  - Returning cached instance of singleton bean &apos;org.springframework.context.annotation.internalRequiredAnnotationProcessor&apos;
6345 [main] DEBUG org.springframework.beans.factory.support.DefaultListableBeanFactory  - Returning cached instance of singleton bean &apos;org.springframework.context.annotation.internalCommonAnnotationProcessor&apos;
6345 [main] DEBUG org.springframework.beans.factory.support.DefaultListableBeanFactory  - Returning cached instance of singleton bean &apos;org.springframework.context.annotation.internalPersistenceAnnotationProcessor&apos;
6345 [main] DEBUG org.springframework.beans.factory.support.DefaultListableBeanFactory  - Creating shared instance of singleton bean &apos;userDao&apos;
6345 [main] DEBUG org.springframework.beans.factory.support.DefaultListableBeanFactory  - Creating instance of bean &apos;userDao&apos;
6415 [main] DEBUG org.springframework.beans.factory.annotation.InjectionMetadata  - Found injected element on class [fr.meehome.template.dao.impl.UserDao]: AutowiredMethodElement for public void fr.meehome.template.dao.impl.SessionFactoryDao.setSessionFactory(org.hibernate.SessionFactory)
6425 [main] DEBUG org.springframework.beans.factory.support.DefaultListableBeanFactory  - Eagerly caching bean &apos;userDao&apos; to allow for resolving potential circular references
6435 [main] DEBUG org.springframework.beans.factory.annotation.InjectionMetadata  - Processing injected method of bean &apos;userDao&apos;: AutowiredMethodElement for public void fr.meehome.template.dao.impl.SessionFactoryDao.setSessionFactory(org.hibernate.SessionFactory)
6537 [main] DEBUG org.springframework.beans.factory.support.DefaultListableBeanFactory  - Creating shared instance of singleton bean &apos;sessionFactory&apos;
6537 [main] DEBUG org.springframework.beans.factory.support.DefaultListableBeanFactory  - Creating instance of bean &apos;sessionFactory&apos;
6757 [main] DEBUG org.springframework.beans.factory.support.DefaultListableBeanFactory  - Eagerly caching bean &apos;sessionFactory&apos; to allow for resolving potential circular references
6857 [main] DEBUG org.springframework.beans.factory.support.DefaultListableBeanFactory  - Creating shared instance of singleton bean &apos;dataSource&apos;
6857 [main] DEBUG org.springframework.beans.factory.support.DefaultListableBeanFactory  - Creating instance of bean &apos;dataSource&apos;
6857 [main] DEBUG org.springframework.beans.factory.support.DefaultListableBeanFactory  - Eagerly caching bean &apos;dataSource&apos; to allow for resolving potential circular references
6947 [main] INFO  org.springframework.jdbc.datasource.DriverManagerDataSource  - Loaded JDBC driver: org.hsqldb.jdbcDriver
6947 [main] DEBUG org.springframework.beans.factory.support.DefaultListableBeanFactory  - Creating shared instance of singleton bean &apos;org.springframework.transaction.config.internalTransactionAdvisor&apos;
6947 [main] DEBUG org.springframework.beans.factory.support.DefaultListableBeanFactory  - Creating instance of bean &apos;org.springframework.transaction.config.internalTransactionAdvisor&apos;
6947 [main] DEBUG org.springframework.beans.factory.support.DefaultListableBeanFactory  - Eagerly caching bean &apos;org.springframework.transaction.config.internalTransactionAdvisor&apos; to allow for resolving potential circular references
6957 [main] DEBUG org.springframework.beans.factory.support.DefaultListableBeanFactory  - Creating shared instance of singleton bean &apos;org.springframework.transaction.annotation.AnnotationTransactionAttributeSource#0&apos;
6957 [main] DEBUG org.springframework.beans.factory.support.DefaultListableBeanFactory  - Creating instance of bean &apos;org.springframework.transaction.annotation.AnnotationTransactionAttributeSource#0&apos;
6957 [main] DEBUG org.springframework.beans.factory.support.DefaultListableBeanFactory  - Eagerly caching bean &apos;org.springframework.transaction.annotation.AnnotationTransactionAttributeSource#0&apos; to allow for resolving potential circular references
6987 [main] DEBUG org.springframework.beans.factory.support.DefaultListableBeanFactory  - Finished creating instance of bean &apos;org.springframework.transaction.annotation.AnnotationTransactionAttributeSource#0&apos;
6987 [main] DEBUG org.springframework.beans.factory.support.DefaultListableBeanFactory  - Finished creating instance of bean &apos;org.springframework.transaction.config.internalTransactionAdvisor&apos;
6987 [main] DEBUG org.springframework.beans.factory.support.DefaultListableBeanFactory  - Finished creating instance of bean &apos;dataSource&apos;
6997 [main] DEBUG org.springframework.beans.factory.support.DefaultListableBeanFactory  - Invoking afterPropertiesSet() on bean with name &apos;sessionFactory&apos;
7635 [main] INFO  org.springframework.orm.hibernate3.annotation.AnnotationSessionFactoryBean  - Building new Hibernate SessionFactory
7775 [main] DEBUG org.springframework.jdbc.datasource.DriverManagerDataSource  - Creating new JDBC DriverManager Connection to [jdbc:hsqldb:mem:testdb]
9057 [main] DEBUG org.springframework.jdbc.datasource.DriverManagerDataSource  - Creating new JDBC DriverManager Connection to [jdbc:hsqldb:mem:testdb]
9067 [main] DEBUG org.springframework.beans.factory.support.DefaultListableBeanFactory  - Returning cached instance of singleton bean &apos;org.springframework.transaction.config.internalTransactionAdvisor&apos;
9077 [main] DEBUG org.springframework.beans.factory.support.DefaultListableBeanFactory  - Finished creating instance of bean &apos;sessionFactory&apos;
9077 [main] DEBUG org.springframework.beans.factory.support.DefaultListableBeanFactory  - Returning cached instance of singleton bean &apos;org.springframework.transaction.config.internalTransactionAdvisor&apos;
9127 [main] DEBUG org.springframework.beans.factory.annotation.AutowiredAnnotationBeanPostProcessor  - Autowiring by type from bean name &apos;userDao&apos; to bean named &apos;sessionFactory&apos;
9137 [main] DEBUG org.springframework.beans.factory.support.DefaultListableBeanFactory  - Returning cached instance of singleton bean &apos;org.springframework.transaction.config.internalTransactionAdvisor&apos;
9147 [main] DEBUG org.springframework.beans.factory.support.DefaultListableBeanFactory  - Finished creating instance of bean &apos;userDao&apos;
9147 [main] DEBUG org.springframework.beans.factory.support.DefaultListableBeanFactory  - Returning cached instance of singleton bean &apos;dataSource&apos;
9147 [main] DEBUG org.springframework.beans.factory.support.DefaultListableBeanFactory  - Returning cached instance of singleton bean &apos;sessionFactory&apos;
9147 [main] DEBUG org.springframework.beans.factory.support.DefaultListableBeanFactory  - Creating shared instance of singleton bean &apos;transactionManager&apos;
9147 [main] DEBUG org.springframework.beans.factory.support.DefaultListableBeanFactory  - Creating instance of bean &apos;transactionManager&apos;
9167 [main] DEBUG org.springframework.beans.factory.support.DefaultListableBeanFactory  - Eagerly caching bean &apos;transactionManager&apos; to allow for resolving potential circular references
9177 [main] DEBUG org.springframework.beans.factory.support.DefaultListableBeanFactory  - Returning cached instance of singleton bean &apos;sessionFactory&apos;
9177 [main] DEBUG org.springframework.beans.factory.support.DefaultListableBeanFactory  - Invoking afterPropertiesSet() on bean with name &apos;transactionManager&apos;
9197 [main] INFO  org.springframework.orm.hibernate3.HibernateTransactionManager  - Using DataSource [org.springframework.jdbc.datasource.DriverManagerDataSource@6ef176] of Hibernate SessionFactory for HibernateTransactionManager
9197 [main] DEBUG org.springframework.beans.factory.support.DefaultListableBeanFactory  - Returning cached instance of singleton bean &apos;org.springframework.transaction.config.internalTransactionAdvisor&apos;
9197 [main] DEBUG org.springframework.beans.factory.support.DefaultListableBeanFactory  - Finished creating instance of bean &apos;transactionManager&apos;
9197 [main] DEBUG org.springframework.beans.factory.support.DefaultListableBeanFactory  - Returning cached instance of singleton bean &apos;org.springframework.aop.config.internalAutoProxyCreator&apos;
9197 [main] DEBUG org.springframework.beans.factory.support.DefaultListableBeanFactory  - Returning cached instance of singleton bean &apos;org.springframework.transaction.annotation.AnnotationTransactionAttributeSource#0&apos;
9197 [main] DEBUG org.springframework.beans.factory.support.DefaultListableBeanFactory  - Creating shared instance of singleton bean &apos;org.springframework.transaction.interceptor.TransactionInterceptor#0&apos;
9197 [main] DEBUG org.springframework.beans.factory.support.DefaultListableBeanFactory  - Creating instance of bean &apos;org.springframework.transaction.interceptor.TransactionInterceptor#0&apos;
9207 [main] DEBUG org.springframework.beans.factory.support.DefaultListableBeanFactory  - Eagerly caching bean &apos;org.springframework.transaction.interceptor.TransactionInterceptor#0&apos; to allow for resolving potential circular references
9217 [main] DEBUG org.springframework.beans.factory.support.DefaultListableBeanFactory  - Returning cached instance of singleton bean &apos;org.springframework.transaction.annotation.AnnotationTransactionAttributeSource#0&apos;
9217 [main] DEBUG org.springframework.beans.factory.support.DefaultListableBeanFactory  - Invoking afterPropertiesSet() on bean with name &apos;org.springframework.transaction.interceptor.TransactionInterceptor#0&apos;
9217 [main] DEBUG org.springframework.beans.factory.support.DefaultListableBeanFactory  - Finished creating instance of bean &apos;org.springframework.transaction.interceptor.TransactionInterceptor#0&apos;
9217 [main] DEBUG org.springframework.beans.factory.support.DefaultListableBeanFactory  - Returning cached instance of singleton bean &apos;org.springframework.transaction.config.internalTransactionAdvisor&apos;
9217 [main] DEBUG org.springframework.beans.factory.support.DefaultListableBeanFactory  - Returning cached instance of singleton bean &apos;org.springframework.context.annotation.ConfigurationClassPostProcessor$ImportAwareBeanPostProcessor#0&apos;
9227 [main] DEBUG org.springframework.context.support.GenericApplicationContext  - Unable to locate LifecycleProcessor with name &apos;lifecycleProcessor&apos;: using default [org.springframework.context.support.DefaultLifecycleProcessor@6f437d]
9227 [main] DEBUG org.springframework.beans.factory.support.DefaultListableBeanFactory  - Returning cached instance of singleton bean &apos;lifecycleProcessor&apos;
9237 [main] DEBUG org.springframework.test.context.TestContext  - Storing ApplicationContext for test class [class fr.meehome.template.dao.impl.UserDaoTest] in cache under key [[MergedContextConfiguration@6bc73b testClass = UserDaoTest, locations = &apos;{classpath:/fr/meehome/template/dao/applicationContext-test.xml}&apos;, classes = &apos;{}&apos;, activeProfiles = &apos;{}&apos;, contextLoader = &apos;org.springframework.test.context.support.DelegatingSmartContextLoader&apos;]].
9247 [main] DEBUG org.springframework.beans.factory.annotation.InjectionMetadata  - Found injected element on class [fr.meehome.template.dao.impl.UserDaoTest]: AutowiredMethodElement for public void org.springframework.test.context.junit4.AbstractTransactionalJUnit4SpringContextTests.setDataSource(javax.sql.DataSource)
9247 [main] DEBUG org.springframework.beans.factory.annotation.InjectionMetadata  - Found injected element on class [fr.meehome.template.dao.impl.UserDaoTest]: AutowiredFieldElement for private fr.meehome.template.dao.impl.UserDao fr.meehome.template.dao.impl.UserDaoTest.userDao
9247 [main] DEBUG org.springframework.beans.factory.annotation.InjectionMetadata  - Processing injected method of bean &apos;fr.meehome.template.dao.impl.UserDaoTest&apos;: AutowiredMethodElement for public void org.springframework.test.context.junit4.AbstractTransactionalJUnit4SpringContextTests.setDataSource(javax.sql.DataSource)
9247 [main] DEBUG org.springframework.beans.factory.support.DefaultListableBeanFactory  - Returning cached instance of singleton bean &apos;dataSource&apos;
9247 [main] DEBUG org.springframework.beans.factory.annotation.AutowiredAnnotationBeanPostProcessor  - Autowiring by type from bean name &apos;fr.meehome.template.dao.impl.UserDaoTest&apos; to bean named &apos;dataSource&apos;
9297 [main] DEBUG org.springframework.beans.factory.annotation.InjectionMetadata  - Processing injected method of bean &apos;fr.meehome.template.dao.impl.UserDaoTest&apos;: AutowiredFieldElement for private fr.meehome.template.dao.impl.UserDao fr.meehome.template.dao.impl.UserDaoTest.userDao
9297 [main] DEBUG org.springframework.beans.factory.support.DefaultListableBeanFactory  - Returning cached instance of singleton bean &apos;userDao&apos;
9297 [main] DEBUG org.springframework.beans.factory.annotation.AutowiredAnnotationBeanPostProcessor  - Autowiring by type from bean name &apos;fr.meehome.template.dao.impl.UserDaoTest&apos; to bean named &apos;userDao&apos;
9297 [main] DEBUG org.springframework.beans.factory.support.DefaultListableBeanFactory  - Returning cached instance of singleton bean &apos;org.springframework.transaction.config.internalTransactionAdvisor&apos;
9307 [main] DEBUG org.springframework.transaction.annotation.AnnotationTransactionAttributeSource  - Adding transactional method &apos;should_return_one_user_by_login&apos; with attribute: PROPAGATION_REQUIRED,ISOLATION_DEFAULT; &apos;&apos;
9357 [main] DEBUG org.springframework.aop.framework.autoproxy.InfrastructureAdvisorAutoProxyCreator  - Creating implicit proxy for bean &apos;fr.meehome.template.dao.impl.UserDaoTest&apos; with 0 common interceptors and 1 specific interceptors
9357 [main] DEBUG org.springframework.aop.framework.JdkDynamicAopProxy  - Creating JDK dynamic proxy: target source is SingletonTargetSource for target object [fr.meehome.template.dao.impl.UserDaoTest@250cce]
9387 [main] DEBUG org.springframework.transaction.annotation.AnnotationTransactionAttributeSource  - Adding transactional method &apos;should_return_all_users&apos; with attribute: PROPAGATION_REQUIRED,ISOLATION_DEFAULT; &apos;&apos;
9397 [main] DEBUG org.springframework.test.context.transaction.TransactionalTestExecutionListener  - Explicit transaction definition [PROPAGATION_REQUIRED,ISOLATION_DEFAULT; &apos;&apos;] found for test context [[TestContext@16e1ccd testClass = UserDaoTest, testInstance = fr.meehome.template.dao.impl.UserDaoTest@250cce, testMethod = should_return_all_users@UserDaoTest, testException = [null], mergedContextConfiguration = [MergedContextConfiguration@6bc73b testClass = UserDaoTest, locations = &apos;{classpath:/fr/meehome/template/dao/applicationContext-test.xml}&apos;, classes = &apos;{}&apos;, activeProfiles = &apos;{}&apos;, contextLoader = &apos;org.springframework.test.context.support.DelegatingSmartContextLoader&apos;]]]
9397 [main] DEBUG org.springframework.test.context.transaction.TransactionalTestExecutionListener  - Retrieved @TransactionConfiguration [null] for test class [class fr.meehome.template.dao.impl.UserDaoTest]
9397 [main] DEBUG org.springframework.test.context.transaction.TransactionalTestExecutionListener  - Retrieved TransactionConfigurationAttributes [[TransactionConfigurationAttributes@96569e transactionManagerName = &apos;transactionManager&apos;, defaultRollback = true]] for class [class fr.meehome.template.dao.impl.UserDaoTest]
9397 [main] DEBUG org.springframework.test.context.TestContext  - Retrieved ApplicationContext for test class [class fr.meehome.template.dao.impl.UserDaoTest] from cache with key [[MergedContextConfiguration@6bc73b testClass = UserDaoTest, locations = &apos;{classpath:/fr/meehome/template/dao/applicationContext-test.xml}&apos;, classes = &apos;{}&apos;, activeProfiles = &apos;{}&apos;, contextLoader = &apos;org.springframework.test.context.support.DelegatingSmartContextLoader&apos;]].
9397 [main] DEBUG org.springframework.beans.factory.support.DefaultListableBeanFactory  - Returning cached instance of singleton bean &apos;transactionManager&apos;
9437 [main] DEBUG org.springframework.orm.hibernate3.HibernateTransactionManager  - Creating new transaction with name [should_return_all_users]: PROPAGATION_REQUIRED,ISOLATION_DEFAULT; &apos;&apos;
9527 [main] DEBUG org.springframework.orm.hibernate3.HibernateTransactionManager  - Opened new Session [org.hibernate.impl.SessionImpl@1286e6b] for Hibernate transaction
9527 [main] DEBUG org.springframework.orm.hibernate3.HibernateTransactionManager  - Preparing JDBC Connection of Hibernate Session [org.hibernate.impl.SessionImpl@1286e6b]
9577 [main] DEBUG org.springframework.jdbc.datasource.DriverManagerDataSource  - Creating new JDBC DriverManager Connection to [jdbc:hsqldb:mem:testdb]
9587 [main] DEBUG org.springframework.orm.hibernate3.HibernateTransactionManager  - Exposing Hibernate transaction as JDBC transaction [org.hsqldb.jdbc.jdbcConnection@1a20fb5]
9587 [main] DEBUG org.springframework.test.context.transaction.TransactionalTestExecutionListener  - No method-level @Rollback override: using default rollback [true] for test context [[TestContext@16e1ccd testClass = UserDaoTest, testInstance = fr.meehome.template.dao.impl.UserDaoTest@250cce, testMethod = should_return_all_users@UserDaoTest, testException = [null], mergedContextConfiguration = [MergedContextConfiguration@6bc73b testClass = UserDaoTest, locations = &apos;{classpath:/fr/meehome/template/dao/applicationContext-test.xml}&apos;, classes = &apos;{}&apos;, activeProfiles = &apos;{}&apos;, contextLoader = &apos;org.springframework.test.context.support.DelegatingSmartContextLoader&apos;]]]
9587 [main] INFO  org.springframework.test.context.transaction.TransactionalTestExecutionListener  - Began transaction (1): transaction manager [org.springframework.orm.hibernate3.HibernateTransactionManager@b55df1]; rollback [true]
Hibernate: select this_.TEMPLATE_USER_ID as TEMPLATE1_0_0_, this_.TEMPLATE_USER_LOGIN as TEMPLATE2_0_0_, this_.TEMPLATE_USER_NOM as TEMPLATE3_0_0_, this_.TEMPLATE_USER_PASSWORD as TEMPLATE4_0_0_, this_.TEMPLATE_USER_PRENOM as TEMPLATE5_0_0_, this_.TEMPLATE_USER_ROLE as TEMPLATE6_0_0_ from TEMPLATE_USER this_
9647 [main] DEBUG org.springframework.test.context.transaction.TransactionalTestExecutionListener  - No method-level @Rollback override: using default rollback [true] for test context [[TestContext@16e1ccd testClass = UserDaoTest, testInstance = fr.meehome.template.dao.impl.UserDaoTest@250cce, testMethod = should_return_all_users@UserDaoTest, testException = java.lang.IllegalArgumentException: Unknown name value for enum class fr.meehome.template.dao.domain.RoleEnum: 1, mergedContextConfiguration = [MergedContextConfiguration@6bc73b testClass = UserDaoTest, locations = &apos;{classpath:/fr/meehome/template/dao/applicationContext-test.xml}&apos;, classes = &apos;{}&apos;, activeProfiles = &apos;{}&apos;, contextLoader = &apos;org.springframework.test.context.support.DelegatingSmartContextLoader&apos;]]]
9647 [main] DEBUG org.springframework.orm.hibernate3.HibernateTransactionManager  - Initiating transaction rollback
9647 [main] DEBUG org.springframework.orm.hibernate3.HibernateTransactionManager  - Rolling back Hibernate transaction on Session [org.hibernate.impl.SessionImpl@1286e6b]
9647 [main] DEBUG org.springframework.orm.hibernate3.HibernateTransactionManager  - Closing Hibernate Session [org.hibernate.impl.SessionImpl@1286e6b] after transaction
9647 [main] DEBUG org.springframework.orm.hibernate3.SessionFactoryUtils  - Closing Hibernate Session
9657 [main] INFO  org.springframework.test.context.transaction.TransactionalTestExecutionListener  - Rolled back transaction after test execution for test context [[TestContext@16e1ccd testClass = UserDaoTest, testInstance = fr.meehome.template.dao.impl.UserDaoTest@250cce, testMethod = should_return_all_users@UserDaoTest, testException = java.lang.IllegalArgumentException: Unknown name value for enum class fr.meehome.template.dao.domain.RoleEnum: 1, mergedContextConfiguration = [MergedContextConfiguration@6bc73b testClass = UserDaoTest, locations = &apos;{classpath:/fr/meehome/template/dao/applicationContext-test.xml}&apos;, classes = &apos;{}&apos;, activeProfiles = &apos;{}&apos;, contextLoader = &apos;org.springframework.test.context.support.DelegatingSmartContextLoader&apos;]]]
9657 [main] DEBUG org.springframework.test.context.support.DirtiesContextTestExecutionListener  - After test method: context [[TestContext@16e1ccd testClass = UserDaoTest, testInstance = fr.meehome.template.dao.impl.UserDaoTest@250cce, testMethod = should_return_all_users@UserDaoTest, testException = java.lang.IllegalArgumentException: Unknown name value for enum class fr.meehome.template.dao.domain.RoleEnum: 1, mergedContextConfiguration = [MergedContextConfiguration@6bc73b testClass = UserDaoTest, locations = &apos;{classpath:/fr/meehome/template/dao/applicationContext-test.xml}&apos;, classes = &apos;{}&apos;, activeProfiles = &apos;{}&apos;, contextLoader = &apos;org.springframework.test.context.support.DelegatingSmartContextLoader&apos;]]], class dirties context [false], class mode [null], method dirties context [false].
</system-out>
    <system-err>SLF4J: Failed to load class &quot;org.slf4j.impl.StaticLoggerBinder&quot;.
SLF4J: Defaulting to no-operation (NOP) logger implementation
SLF4J: See http://www.slf4j.org/codes.html#StaticLoggerBinder for further details.
</system-err>
  </testcase>
</testsuite>